The target system is: Generic -  - 
The host system is: Windows - 10.0.22631 - AMD64
Compiling the C compiler identification source file "CMakeCCompilerId.c" succeeded.
Compiler: C:/Users/corre/esp/.espressif/tools/xtensa-esp-elf/esp-13.2.0_20230928/xtensa-esp-elf/bin/xtensa-esp32-elf-gcc.exe 
Build flags: -mlongcalls;-Wno-frame-address;
Id flags:  

The output was:
0


Compilation of the C compiler identification source "CMakeCCompilerId.c" produced "a.out"

The C compiler identification is GNU, found in "C:/Users/corre/OneDrive/Escritorio/talento/ejemplo1/blik/blink/build/CMakeFiles/3.24.0/CompilerIdC/a.out"

The target system is: Generic -  - 
The host system is: Windows - 10.0.22631 - AMD64
Compiling the CXX compiler identification source file "CMakeCXXCompilerId.cpp" succeeded.
Compiler: C:/Users/corre/esp/.espressif/tools/xtensa-esp-elf/esp-13.2.0_20230928/xtensa-esp-elf/bin/xtensa-esp32-elf-g++.exe 
Build flags: -mlongcalls;-Wno-frame-address;
Id flags:  

The output was:
0


Compiling the CXX compiler identification source file "CMakeCXXCompilerId.cpp" succeeded.
Compiler: C:/Users/corre/esp/.espressif/tools/xtensa-esp-elf/esp-13.2.0_20230928/xtensa-esp-elf/bin/xtensa-esp32-elf-g++.exe 
Build flags: -mlongcalls;-Wno-frame-address;
Id flags: -c 

The output was:
0


Compilation of the CXX compiler identification source "CMakeCXXCompilerId.cpp" produced "CMakeCXXCompilerId.o"

The CXX compiler identification is GNU, found in "C:/Users/corre/OneDrive/Escritorio/talento/ejemplo1/blik/blink/build/CMakeFiles/3.24.0/CompilerIdCXX/CMakeCXXCompilerId.o"

Compiling the C compiler identification source file "CMakeCCompilerId.c" succeeded.
Compiler: C:/Users/corre/esp/.espressif/tools/xtensa-esp-elf/esp-13.2.0_20230928/xtensa-esp-elf/bin/xtensa-esp32-elf-gcc.exe 
Build flags: -mlongcalls;-Wno-frame-address;
Id flags:  

The output was:
0


Compilation of the C compiler identification source "CMakeCCompilerId.c" produced "a.out"

The C compiler identification is GNU, found in "C:/Users/corre/OneDrive/Escritorio/talento/ejemplo1/blik/blink/build/CMakeFiles/3.24.0/CompilerIdC/a.out"

Checking whether the ASM compiler is GNU using "--version" matched "(GNU assembler)|(GCC)|(Free Software Foundation)":
xtensa-esp-elf-gcc.exe (crosstool-NG esp-13.2.0_20230928) 13.2.0
Copyright (C) 2023 Free Software Foundation, Inc.
This is free software; see the source for copying conditions.  There is NO
warranty; not even for MERCHANTABILITY or FITNESS FOR A PARTICULAR PURPOSE.

Determining if the C compiler works passed with the following output:
Change Dir: C:/Users/corre/OneDrive/Escritorio/talento/ejemplo1/blik/blink/build/CMakeFiles/CMakeTmp

Run Build Command(s):C:/Users/corre/esp/.espressif/tools/ninja/1.11.1/ninja.exe cmTC_afaaf && [1/2] Building C object CMakeFiles/cmTC_afaaf.dir/testCCompiler.c.obj
[2/2] Linking C executable cmTC_afaaf



